[MCCFR] loaded 8749 regrets from disk
[MCCFR] loaded 8749 strategies from disk
[MCCFR] flushed 8749 regrets to disk
[MCCFR] flushed 8749 strategies to disk
[MCCFR] train(1000000/1000000) took 149569.37ms
[MCCFR] flushed 8749 regrets to disk
[MCCFR] flushed 8749 strategies to disk
[MCCFR] train(1000000/2000000) took 146418.53ms
[MCCFR] flushed 8749 regrets to disk
[MCCFR] flushed 8749 strategies to disk
[MCCFR] train(1000000/3000000) took 145945.33ms
[MCCFR] flushed 8749 regrets to disk
[MCCFR] flushed 8749 strategies to disk
[MCCFR] train(1000000/4000000) took 146109.93ms
[MCCFR] flushed 8749 regrets to disk
[MCCFR] flushed 8749 strategies to disk
[MCCFR] train(1000000/5000000) took 146233.69ms
[MCCFR] flushed 8749 regrets to disk
[MCCFR] flushed 8749 strategies to disk
[MCCFR] train(1000000/6000000) took 145691.11ms
[MCCFR] flushed 8749 regrets to disk
[MCCFR] flushed 8749 strategies to disk
[MCCFR] train(1000000/7000000) took 145727.09ms
[MCCFR] flushed 8749 regrets to disk
[MCCFR] flushed 8749 strategies to disk
[MCCFR] train(1000000/8000000) took 145783.99ms
[MCCFR] flushed 8749 regrets to disk
[MCCFR] flushed 8749 strategies to disk
[MCCFR] train(1000000/9000000) took 145856.3ms
[MCCFR] flushed 8749 regrets to disk
[MCCFR] flushed 8749 strategies to disk
[MCCFR] train(1000000/10000000) took 145769.57ms
[MCCFR] flushed 8749 regrets to disk
[MCCFR] flushed 8749 strategies to disk
[MCCFR] train(1000000/11000000) took 145748.03ms
[MCCFR] flushed 8749 regrets to disk
[MCCFR] flushed 8749 strategies to disk
[MCCFR] train(1000000/12000000) took 145895.3ms
[MCCFR] flushed 8749 regrets to disk
[MCCFR] flushed 8749 strategies to disk
[MCCFR] train(1000000/13000000) took 146237.45ms
[MCCFR] flushed 8749 regrets to disk
[MCCFR] flushed 8749 strategies to disk
[MCCFR] train(1000000/14000000) took 146109.56ms
[MCCFR] flushed 8749 regrets to disk
[MCCFR] flushed 8749 strategies to disk
[MCCFR] train(1000000/15000000) took 146032.7ms
[MCCFR] flushed 8749 regrets to disk
[MCCFR] flushed 8749 strategies to disk
[MCCFR] train(1000000/16000000) took 145981.23ms
[MCCFR] flushed 8749 regrets to disk
[MCCFR] flushed 8749 strategies to disk
[MCCFR] train(1000000/17000000) took 146290.78ms
[MCCFR] flushed 8749 regrets to disk
[MCCFR] flushed 8749 strategies to disk
[MCCFR] train(1000000/18000000) took 146449.76ms
[MCCFR] flushed 8749 regrets to disk
[MCCFR] flushed 8749 strategies to disk
[MCCFR] train(1000000/19000000) took 146540.1ms
[MCCFR] flushed 8749 regrets to disk
[MCCFR] flushed 8749 strategies to disk
[MCCFR] train(1000000/20000000) took 146732.57ms
[MCCFR] flushed 8749 regrets to disk
[MCCFR] flushed 8749 strategies to disk
[MCCFR] train(1000000/21000000) took 146555.69ms
[MCCFR] flushed 8749 regrets to disk
[MCCFR] flushed 8749 strategies to disk
[MCCFR] train(1000000/22000000) took 146396.94ms
[MCCFR] flushed 8749 regrets to disk
[MCCFR] flushed 8749 strategies to disk
[MCCFR] train(1000000/23000000) took 147114.32ms
[MCCFR] flushed 8749 regrets to disk
[MCCFR] flushed 8749 strategies to disk
[MCCFR] train(1000000/24000000) took 146708.5ms
[MCCFR] flushed 8749 regrets to disk
[MCCFR] flushed 8749 strategies to disk
[MCCFR] train(1000000/25000000) took 146791.88ms
[MCCFR] flushed 8749 regrets to disk
[MCCFR] flushed 8749 strategies to disk
[MCCFR] train(1000000/26000000) took 146623.18ms
[MCCFR] flushed 8749 regrets to disk
[MCCFR] flushed 8749 strategies to disk
[MCCFR] train(1000000/27000000) took 146470.28ms
[MCCFR] flushed 8749 regrets to disk
[MCCFR] flushed 8749 strategies to disk
[MCCFR] train(1000000/28000000) took 146663.56ms
[MCCFR] flushed 8749 regrets to disk
[MCCFR] flushed 8749 strategies to disk
[MCCFR] train(1000000/29000000) took 146792.92ms
[MCCFR] flushed 8749 regrets to disk
[MCCFR] flushed 8749 strategies to disk
[MCCFR] train(1000000/30000000) took 146963.85ms
[MCCFR] flushed 8749 regrets to disk
[MCCFR] flushed 8749 strategies to disk
[MCCFR] train(1000000/31000000) took 146824.2ms
[MCCFR] flushed 8749 regrets to disk
[MCCFR] flushed 8749 strategies to disk
[MCCFR] train(1000000/32000000) took 146882.59ms
[MCCFR] flushed 8749 regrets to disk
[MCCFR] flushed 8749 strategies to disk
[MCCFR] train(1000000/33000000) took 146959.67ms
[MCCFR] flushed 8749 regrets to disk
[MCCFR] flushed 8749 strategies to disk
[MCCFR] train(1000000/34000000) took 147071.67ms
[MCCFR] flushed 8749 regrets to disk
[MCCFR] flushed 8749 strategies to disk
[MCCFR] train(1000000/35000000) took 146996.51ms
[MCCFR] flushed 8749 regrets to disk
[MCCFR] flushed 8749 strategies to disk
[MCCFR] train(1000000/36000000) took 147258.78ms
[MCCFR] flushed 8749 regrets to disk
[MCCFR] flushed 8749 strategies to disk
[MCCFR] train(1000000/37000000) took 147243.18ms
[MCCFR] flushed 8749 regrets to disk
[MCCFR] flushed 8749 strategies to disk
[MCCFR] train(1000000/38000000) took 147376.57ms
[MCCFR] flushed 8749 regrets to disk
[MCCFR] flushed 8749 strategies to disk
[MCCFR] train(1000000/39000000) took 147351.45ms
[MCCFR] flushed 8749 regrets to disk
[MCCFR] flushed 8749 strategies to disk
[MCCFR] train(1000000/40000000) took 147632.05ms
[MCCFR] flushed 8749 regrets to disk
[MCCFR] flushed 8749 strategies to disk
[MCCFR] train(1000000/41000000) took 147545.31ms
[MCCFR] flushed 8749 regrets to disk
[MCCFR] flushed 8749 strategies to disk
[MCCFR] train(1000000/42000000) took 147572.85ms
[MCCFR] flushed 8749 regrets to disk
[MCCFR] flushed 8749 strategies to disk
[MCCFR] train(1000000/43000000) took 147609.94ms
[MCCFR] flushed 8749 regrets to disk
[MCCFR] flushed 8749 strategies to disk
[MCCFR] train(1000000/44000000) took 147846.51ms
[MCCFR] flushed 8749 regrets to disk
[MCCFR] flushed 8749 strategies to disk
[MCCFR] train(1000000/45000000) took 148129.04ms
[MCCFR] flushed 8749 regrets to disk
[MCCFR] flushed 8749 strategies to disk
[MCCFR] train(1000000/46000000) took 147932.13ms
[MCCFR] flushed 8749 regrets to disk
[MCCFR] flushed 8749 strategies to disk
[MCCFR] train(1000000/47000000) took 147946.42ms
[MCCFR] flushed 8749 regrets to disk
[MCCFR] flushed 8749 strategies to disk
[MCCFR] train(1000000/48000000) took 147920.54ms
[MCCFR] flushed 8749 regrets to disk
[MCCFR] flushed 8749 strategies to disk
[MCCFR] train(1000000/49000000) took 147781.73ms
[MCCFR] flushed 8749 regrets to disk
[MCCFR] flushed 8749 strategies to disk
[MCCFR] train(1000000/50000000) took 148194.64ms
[MCCFR] flushed 8749 regrets to disk
[MCCFR] flushed 8749 strategies to disk
[MCCFR] train(1000000/51000000) took 148031.6ms
[MCCFR] flushed 8749 regrets to disk
[MCCFR] flushed 8749 strategies to disk
[MCCFR] train(1000000/52000000) took 147906.66ms
[MCCFR] flushed 8749 regrets to disk
[MCCFR] flushed 8749 strategies to disk
[MCCFR] train(1000000/53000000) took 147999.14ms
[MCCFR] flushed 8749 regrets to disk
[MCCFR] flushed 8749 strategies to disk
[MCCFR] train(1000000/54000000) took 148267.56ms
[MCCFR] flushed 8749 regrets to disk
[MCCFR] flushed 8749 strategies to disk
[MCCFR] train(1000000/55000000) took 148032.64ms
[MCCFR] flushed 8749 regrets to disk
[MCCFR] flushed 8749 strategies to disk
[MCCFR] train(1000000/56000000) took 149429.15ms
[MCCFR] flushed 8749 regrets to disk
[MCCFR] flushed 8749 strategies to disk
[MCCFR] train(1000000/57000000) took 148358.64ms
[MCCFR] flushed 8749 regrets to disk
[MCCFR] flushed 8749 strategies to disk
[MCCFR] train(1000000/58000000) took 148468.76ms
[MCCFR] flushed 8749 regrets to disk
[MCCFR] flushed 8749 strategies to disk
[MCCFR] train(1000000/59000000) took 148331.1ms
[MCCFR] flushed 8749 regrets to disk
[MCCFR] flushed 8749 strategies to disk
[MCCFR] train(1000000/60000000) took 148765.05ms
[MCCFR] flushed 8749 regrets to disk
[MCCFR] flushed 8749 strategies to disk
[MCCFR] train(1000000/61000000) took 148482.91ms
[MCCFR] flushed 8749 regrets to disk
[MCCFR] flushed 8749 strategies to disk
[MCCFR] train(1000000/62000000) took 148689.21ms
[MCCFR] flushed 8749 regrets to disk
[MCCFR] flushed 8749 strategies to disk
[MCCFR] train(1000000/63000000) took 148634.34ms
[MCCFR] flushed 8749 regrets to disk
[MCCFR] flushed 8749 strategies to disk
[MCCFR] train(1000000/64000000) took 148479.63ms
[MCCFR] flushed 8749 regrets to disk
[MCCFR] flushed 8749 strategies to disk
[MCCFR] train(1000000/65000000) took 148472.84ms
[MCCFR] flushed 8749 regrets to disk
[MCCFR] flushed 8749 strategies to disk
[MCCFR] train(1000000/66000000) took 148649.64ms
[MCCFR] flushed 8749 regrets to disk
[MCCFR] flushed 8749 strategies to disk
[MCCFR] train(1000000/67000000) took 148546.57ms
[MCCFR] flushed 8749 regrets to disk
[MCCFR] flushed 8749 strategies to disk
[MCCFR] train(1000000/68000000) took 148933.4ms
[MCCFR] flushed 8749 regrets to disk
[MCCFR] flushed 8749 strategies to disk
[MCCFR] train(1000000/69000000) took 148610.68ms
[MCCFR] flushed 8749 regrets to disk
[MCCFR] flushed 8749 strategies to disk
[MCCFR] train(1000000/70000000) took 148790.27ms
[MCCFR] flushed 8749 regrets to disk
[MCCFR] flushed 8749 strategies to disk
[MCCFR] train(1000000/71000000) took 148705.59ms
[MCCFR] flushed 8749 regrets to disk
[MCCFR] flushed 8749 strategies to disk
[MCCFR] train(1000000/72000000) took 149209.47ms
[MCCFR] flushed 8749 regrets to disk
[MCCFR] flushed 8749 strategies to disk
[MCCFR] train(1000000/73000000) took 149235.1ms
[MCCFR] flushed 8749 regrets to disk
[MCCFR] flushed 8749 strategies to disk
[MCCFR] train(1000000/74000000) took 148924.68ms
[MCCFR] flushed 8749 regrets to disk
[MCCFR] flushed 8749 strategies to disk
[MCCFR] train(1000000/75000000) took 149073.75ms
[MCCFR] flushed 8749 regrets to disk
[MCCFR] flushed 8749 strategies to disk
[MCCFR] train(1000000/76000000) took 149134.66ms
[MCCFR] flushed 8749 regrets to disk
[MCCFR] flushed 8749 strategies to disk
[MCCFR] train(1000000/77000000) took 149035.24ms
[MCCFR] flushed 8749 regrets to disk
[MCCFR] flushed 8749 strategies to disk
[MCCFR] train(1000000/78000000) took 149154.28ms
[MCCFR] flushed 8749 regrets to disk
[MCCFR] flushed 8749 strategies to disk
[MCCFR] train(1000000/79000000) took 145417.23ms
[MCCFR] flushed 8749 regrets to disk
[MCCFR] flushed 8749 strategies to disk
[MCCFR] train(1000000/80000000) took 145221.54ms
[MCCFR] flushed 8749 regrets to disk
[MCCFR] flushed 8749 strategies to disk
[MCCFR] train(1000000/81000000) took 145397.59ms
[MCCFR] flushed 8749 regrets to disk
[MCCFR] flushed 8749 strategies to disk
[MCCFR] train(1000000/82000000) took 145036.04ms
[MCCFR] flushed 8749 regrets to disk
[MCCFR] flushed 8749 strategies to disk
[MCCFR] train(1000000/83000000) took 144948.24ms
[MCCFR] flushed 8749 regrets to disk
[MCCFR] flushed 8749 strategies to disk
[MCCFR] train(1000000/84000000) took 145240.22ms
[MCCFR] flushed 8749 regrets to disk
[MCCFR] flushed 8749 strategies to disk
[MCCFR] train(1000000/85000000) took 145195.26ms
[MCCFR] flushed 8749 regrets to disk
[MCCFR] flushed 8749 strategies to disk
[MCCFR] train(1000000/86000000) took 144998.53ms
[MCCFR] flushed 8749 regrets to disk
[MCCFR] flushed 8749 strategies to disk
[MCCFR] train(1000000/87000000) took 145330.74ms
[MCCFR] flushed 8749 regrets to disk
[MCCFR] flushed 8749 strategies to disk
[MCCFR] train(1000000/88000000) took 145359.73ms
[MCCFR] flushed 8749 regrets to disk
[MCCFR] flushed 8749 strategies to disk
[MCCFR] train(1000000/89000000) took 145237.02ms
[MCCFR] flushed 8749 regrets to disk
[MCCFR] flushed 8749 strategies to disk
[MCCFR] train(1000000/90000000) took 145262.84ms
[MCCFR] flushed 8749 regrets to disk
[MCCFR] flushed 8749 strategies to disk
[MCCFR] train(1000000/91000000) took 145404.21ms
[MCCFR] flushed 8749 regrets to disk
[MCCFR] flushed 8749 strategies to disk
[MCCFR] train(1000000/92000000) took 145391.59ms
[MCCFR] flushed 8749 regrets to disk
[MCCFR] flushed 8749 strategies to disk
[MCCFR] train(1000000/93000000) took 145647.84ms
[MCCFR] flushed 8749 regrets to disk
[MCCFR] flushed 8749 strategies to disk
[MCCFR] train(1000000/94000000) took 145643.19ms
[MCCFR] flushed 8749 regrets to disk
[MCCFR] flushed 8749 strategies to disk
[MCCFR] train(1000000/95000000) took 145817.96ms
[MCCFR] flushed 8749 regrets to disk
[MCCFR] flushed 8749 strategies to disk
[MCCFR] train(1000000/96000000) took 145568.79ms
[MCCFR] flushed 8749 regrets to disk
[MCCFR] flushed 8749 strategies to disk
[MCCFR] train(1000000/97000000) took 145691.23ms
[MCCFR] flushed 8749 regrets to disk
[MCCFR] flushed 8749 strategies to disk
[MCCFR] train(1000000/98000000) took 145534.77ms
[MCCFR] flushed 8749 regrets to disk
[MCCFR] flushed 8749 strategies to disk
[MCCFR] train(1000000/99000000) took 145823.55ms
[MCCFR] flushed 8749 regrets to disk
[MCCFR] flushed 8749 strategies to disk
[MCCFR] train(1000000/100000000) took 145722.05ms
[MCCFR] flushed 8749 regrets to disk
[MCCFR] flushed 8749 strategies to disk
[MCCFR] train(1000000/101000000) took 145980.8ms
[MCCFR] flushed 8749 regrets to disk
[MCCFR] flushed 8749 strategies to disk
[MCCFR] train(1000000/102000000) took 145788.21ms
[MCCFR] flushed 8749 regrets to disk
[MCCFR] flushed 8749 strategies to disk
[MCCFR] train(1000000/103000000) took 146136.35ms
[MCCFR] flushed 8749 regrets to disk
[MCCFR] flushed 8749 strategies to disk
[MCCFR] train(1000000/104000000) took 145997.12ms
[MCCFR] flushed 8749 regrets to disk
[MCCFR] flushed 8749 strategies to disk
[MCCFR] train(1000000/105000000) took 145945.96ms
[MCCFR] flushed 8749 regrets to disk
[MCCFR] flushed 8749 strategies to disk
[MCCFR] train(1000000/106000000) took 145890.33ms
[MCCFR] flushed 8749 regrets to disk
[MCCFR] flushed 8749 strategies to disk
[MCCFR] train(1000000/107000000) took 146031.13ms
[MCCFR] flushed 8749 regrets to disk
[MCCFR] flushed 8749 strategies to disk
[MCCFR] train(1000000/108000000) took 145975.42ms
[MCCFR] flushed 8749 regrets to disk
[MCCFR] flushed 8749 strategies to disk
[MCCFR] train(1000000/109000000) took 146235.28ms
[MCCFR] flushed 8749 regrets to disk
[MCCFR] flushed 8749 strategies to disk
[MCCFR] train(1000000/110000000) took 146784.81ms
[MCCFR] flushed 8749 regrets to disk
[MCCFR] flushed 8749 strategies to disk
[MCCFR] train(1000000/111000000) took 146548.79ms
[MCCFR] flushed 8749 regrets to disk
[MCCFR] flushed 8749 strategies to disk
[MCCFR] train(1000000/112000000) took 146252.46ms
[MCCFR] flushed 8749 regrets to disk
[MCCFR] flushed 8749 strategies to disk
[MCCFR] train(1000000/113000000) took 146284.68ms
[MCCFR] flushed 8749 regrets to disk
[MCCFR] flushed 8749 strategies to disk
[MCCFR] train(1000000/114000000) took 146300.85ms
[MCCFR] flushed 8749 regrets to disk
[MCCFR] flushed 8749 strategies to disk
[MCCFR] train(1000000/115000000) took 146413.79ms
[MCCFR] flushed 8749 regrets to disk
[MCCFR] flushed 8749 strategies to disk
[MCCFR] train(1000000/116000000) took 146376.07ms
[MCCFR] flushed 8749 regrets to disk
[MCCFR] flushed 8749 strategies to disk
[MCCFR] train(1000000/117000000) took 146511.37ms
[MCCFR] flushed 8749 regrets to disk
[MCCFR] flushed 8749 strategies to disk
[MCCFR] train(1000000/118000000) took 146568.5ms
[MCCFR] flushed 8749 regrets to disk
[MCCFR] flushed 8749 strategies to disk
[MCCFR] train(1000000/119000000) took 146625.48ms
[MCCFR] flushed 8749 regrets to disk
[MCCFR] flushed 8749 strategies to disk
[MCCFR] train(1000000/120000000) took 146674.17ms
[MCCFR] flushed 8749 regrets to disk
[MCCFR] flushed 8749 strategies to disk
[MCCFR] train(1000000/121000000) took 146795.4ms
[MCCFR] flushed 8749 regrets to disk
[MCCFR] flushed 8749 strategies to disk
[MCCFR] train(1000000/122000000) took 147117.39ms
[MCCFR] flushed 8749 regrets to disk
[MCCFR] flushed 8749 strategies to disk
[MCCFR] train(1000000/123000000) took 145003.96ms
[MCCFR] flushed 8749 regrets to disk
[MCCFR] flushed 8749 strategies to disk
[MCCFR] train(1000000/124000000) took 145316.2ms
[MCCFR] flushed 8749 regrets to disk
[MCCFR] flushed 8749 strategies to disk
[MCCFR] train(1000000/125000000) took 144850.54ms
[MCCFR] flushed 8749 regrets to disk
[MCCFR] flushed 8749 strategies to disk
[MCCFR] train(1000000/126000000) took 145032.75ms
[MCCFR] flushed 8749 regrets to disk
[MCCFR] flushed 8749 strategies to disk
[MCCFR] train(1000000/127000000) took 144987.41ms
[MCCFR] flushed 8749 regrets to disk
[MCCFR] flushed 8749 strategies to disk
[MCCFR] train(1000000/128000000) took 145059.88ms
[MCCFR] flushed 8749 regrets to disk
[MCCFR] flushed 8749 strategies to disk
[MCCFR] train(1000000/129000000) took 145009.28ms
[MCCFR] flushed 8749 regrets to disk
[MCCFR] flushed 8749 strategies to disk
[MCCFR] train(1000000/130000000) took 145332.65ms
[MCCFR] flushed 8749 regrets to disk
[MCCFR] flushed 8749 strategies to disk
[MCCFR] train(1000000/131000000) took 145047.32ms
[MCCFR] flushed 8749 regrets to disk
[MCCFR] flushed 8749 strategies to disk
[MCCFR] train(1000000/132000000) took 145455.3ms
[MCCFR] flushed 8749 regrets to disk
[MCCFR] flushed 8749 strategies to disk
[MCCFR] train(1000000/133000000) took 145417.53ms
[MCCFR] flushed 8749 regrets to disk
[MCCFR] flushed 8749 strategies to disk
[MCCFR] train(1000000/134000000) took 146049.2ms
[MCCFR] flushed 8749 regrets to disk
[MCCFR] flushed 8749 strategies to disk
[MCCFR] train(1000000/135000000) took 145775.07ms
[MCCFR] flushed 8749 regrets to disk
[MCCFR] flushed 8749 strategies to disk
[MCCFR] train(1000000/136000000) took 145637.43ms
[MCCFR] flushed 8749 regrets to disk
[MCCFR] flushed 8749 strategies to disk
[MCCFR] train(1000000/137000000) took 145528.77ms
[MCCFR] flushed 8749 regrets to disk
[MCCFR] flushed 8749 strategies to disk
[MCCFR] train(1000000/138000000) took 145575.53ms
[MCCFR] flushed 8749 regrets to disk
[MCCFR] flushed 8749 strategies to disk
[MCCFR] train(1000000/139000000) took 145614.18ms
[MCCFR] flushed 8749 regrets to disk
[MCCFR] flushed 8749 strategies to disk
[MCCFR] train(1000000/140000000) took 145890.35ms
[MCCFR] flushed 8749 regrets to disk
[MCCFR] flushed 8749 strategies to disk
[MCCFR] train(1000000/141000000) took 146182.08ms
[MCCFR] flushed 8749 regrets to disk
[MCCFR] flushed 8749 strategies to disk
[MCCFR] train(1000000/142000000) took 146968.61ms
[MCCFR] flushed 8749 regrets to disk
[MCCFR] flushed 8749 strategies to disk
[MCCFR] train(1000000/143000000) took 147104.84ms
[MCCFR] flushed 8749 regrets to disk
[MCCFR] flushed 8749 strategies to disk
[MCCFR] train(1000000/144000000) took 146264.17ms
[MCCFR] flushed 8749 regrets to disk
[MCCFR] flushed 8749 strategies to disk
[MCCFR] train(1000000/145000000) took 145892.61ms
[MCCFR] flushed 8749 regrets to disk
[MCCFR] flushed 8749 strategies to disk
[MCCFR] train(1000000/146000000) took 146248.96ms
[MCCFR] flushed 8749 regrets to disk
[MCCFR] flushed 8749 strategies to disk
[MCCFR] train(1000000/147000000) took 145887.67ms
[MCCFR] flushed 8749 regrets to disk
[MCCFR] flushed 8749 strategies to disk
[MCCFR] train(1000000/148000000) took 146138.67ms
[MCCFR] flushed 8749 regrets to disk
[MCCFR] flushed 8749 strategies to disk
[MCCFR] train(1000000/149000000) took 146129.04ms
[MCCFR] flushed 8749 regrets to disk
[MCCFR] flushed 8749 strategies to disk
[MCCFR] train(1000000/150000000) took 146180.25ms
[MCCFR] flushed 8749 regrets to disk
[MCCFR] flushed 8749 strategies to disk
[MCCFR] train(1000000/151000000) took 146271.95ms
[MCCFR] flushed 8749 regrets to disk
[MCCFR] flushed 8749 strategies to disk
[MCCFR] train(1000000/152000000) took 146388.84ms
[MCCFR] flushed 8749 regrets to disk
[MCCFR] flushed 8749 strategies to disk
[MCCFR] train(1000000/153000000) took 146481.64ms
[MCCFR] flushed 8749 regrets to disk
[MCCFR] flushed 8749 strategies to disk
[MCCFR] train(1000000/154000000) took 146874.32ms
[MCCFR] flushed 8749 regrets to disk
[MCCFR] flushed 8749 strategies to disk
[MCCFR] train(1000000/155000000) took 147665ms
[MCCFR] flushed 8749 regrets to disk
[MCCFR] flushed 8749 strategies to disk
[MCCFR] train(1000000/156000000) took 146899.93ms
[MCCFR] flushed 8749 regrets to disk
[MCCFR] flushed 8749 strategies to disk
[MCCFR] train(1000000/157000000) took 146646.15ms
[MCCFR] flushed 8749 regrets to disk
[MCCFR] flushed 8749 strategies to disk
[MCCFR] train(1000000/158000000) took 146883.98ms
[MCCFR] flushed 8749 regrets to disk
[MCCFR] flushed 8749 strategies to disk
[MCCFR] train(1000000/159000000) took 147011.84ms
[MCCFR] flushed 8749 regrets to disk
[MCCFR] flushed 8749 strategies to disk
[MCCFR] train(1000000/160000000) took 146768.28ms
[MCCFR] flushed 8749 regrets to disk
[MCCFR] flushed 8749 strategies to disk
[MCCFR] train(1000000/161000000) took 146886.66ms
[MCCFR] flushed 8749 regrets to disk
[MCCFR] flushed 8749 strategies to disk
[MCCFR] train(1000000/162000000) took 146868.11ms
[MCCFR] flushed 8749 regrets to disk
[MCCFR] flushed 8749 strategies to disk
[MCCFR] train(1000000/163000000) took 146999.06ms
[MCCFR] flushed 8749 regrets to disk
[MCCFR] flushed 8749 strategies to disk
[MCCFR] train(1000000/164000000) took 146776.88ms
[MCCFR] flushed 8749 regrets to disk
[MCCFR] flushed 8749 strategies to disk
[MCCFR] train(1000000/165000000) took 147016.62ms
[MCCFR] flushed 8749 regrets to disk
[MCCFR] flushed 8749 strategies to disk
[MCCFR] train(1000000/166000000) took 147039.65ms
[MCCFR] flushed 8749 regrets to disk
[MCCFR] flushed 8749 strategies to disk
[MCCFR] train(1000000/167000000) took 147540.16ms
[MCCFR] flushed 8749 regrets to disk
[MCCFR] flushed 8749 strategies to disk
[MCCFR] train(1000000/168000000) took 148209.72ms
[MCCFR] flushed 8749 regrets to disk
[MCCFR] flushed 8749 strategies to disk
[MCCFR] train(1000000/169000000) took 147948.02ms
[MCCFR] flushed 8749 regrets to disk
[MCCFR] flushed 8749 strategies to disk
[MCCFR] train(1000000/170000000) took 147163.21ms
[MCCFR] flushed 8749 regrets to disk
[MCCFR] flushed 8749 strategies to disk
[MCCFR] train(1000000/171000000) took 147667.96ms
[MCCFR] flushed 8749 regrets to disk
[MCCFR] flushed 8749 strategies to disk
[MCCFR] train(1000000/172000000) took 147283.44ms
[MCCFR] flushed 8749 regrets to disk
[MCCFR] flushed 8749 strategies to disk
[MCCFR] train(1000000/173000000) took 147531.34ms
[MCCFR] flushed 8749 regrets to disk
[MCCFR] flushed 8749 strategies to disk
[MCCFR] train(1000000/174000000) took 147464.93ms
[MCCFR] flushed 8749 regrets to disk
[MCCFR] flushed 8749 strategies to disk
[MCCFR] train(1000000/175000000) took 147515.2ms
[MCCFR] flushed 8749 regrets to disk
[MCCFR] flushed 8749 strategies to disk
[MCCFR] train(1000000/176000000) took 147354.86ms
[MCCFR] flushed 8749 regrets to disk
[MCCFR] flushed 8749 strategies to disk
[MCCFR] train(1000000/177000000) took 147524.29ms
[MCCFR] flushed 8749 regrets to disk
[MCCFR] flushed 8749 strategies to disk
[MCCFR] train(1000000/178000000) took 147500.73ms
[MCCFR] flushed 8749 regrets to disk
[MCCFR] flushed 8749 strategies to disk
[MCCFR] train(1000000/179000000) took 148271.49ms
[MCCFR] flushed 8749 regrets to disk
[MCCFR] flushed 8749 strategies to disk
[MCCFR] train(1000000/180000000) took 148928.9ms
[MCCFR] flushed 8749 regrets to disk
[MCCFR] flushed 8749 strategies to disk
[MCCFR] train(1000000/181000000) took 148867.49ms
[MCCFR] flushed 8749 regrets to disk
[MCCFR] flushed 8749 strategies to disk
[MCCFR] train(1000000/182000000) took 148079.93ms
[MCCFR] flushed 8749 regrets to disk
[MCCFR] flushed 8749 strategies to disk
[MCCFR] train(1000000/183000000) took 148135.65ms
[MCCFR] flushed 8749 regrets to disk
[MCCFR] flushed 8749 strategies to disk
[MCCFR] train(1000000/184000000) took 148245.79ms
[MCCFR] flushed 8749 regrets to disk
[MCCFR] flushed 8749 strategies to disk
[MCCFR] train(1000000/185000000) took 147938.42ms
[MCCFR] flushed 8749 regrets to disk
[MCCFR] flushed 8749 strategies to disk
[MCCFR] train(1000000/186000000) took 147972.67ms
[MCCFR] flushed 8749 regrets to disk
[MCCFR] flushed 8749 strategies to disk
[MCCFR] train(1000000/187000000) took 147915.27ms
[MCCFR] flushed 8749 regrets to disk
[MCCFR] flushed 8749 strategies to disk
[MCCFR] train(1000000/188000000) took 147915.45ms
[MCCFR] flushed 8749 regrets to disk
[MCCFR] flushed 8749 strategies to disk
[MCCFR] train(1000000/189000000) took 148145.98ms
[MCCFR] flushed 8749 regrets to disk
[MCCFR] flushed 8749 strategies to disk
[MCCFR] train(1000000/190000000) took 148961.16ms
[MCCFR] flushed 8749 regrets to disk
[MCCFR] flushed 8749 strategies to disk
[MCCFR] train(1000000/191000000) took 149292.78ms
[MCCFR] flushed 8749 regrets to disk
[MCCFR] flushed 8749 strategies to disk
[MCCFR] train(1000000/192000000) took 148967.03ms
[MCCFR] flushed 8749 regrets to disk
[MCCFR] flushed 8749 strategies to disk
[MCCFR] train(1000000/193000000) took 148280.34ms
[MCCFR] flushed 8749 regrets to disk
[MCCFR] flushed 8749 strategies to disk
[MCCFR] train(1000000/194000000) took 148173.24ms
[MCCFR] flushed 8749 regrets to disk
[MCCFR] flushed 8749 strategies to disk
[MCCFR] train(1000000/195000000) took 148533.07ms
[MCCFR] flushed 8749 regrets to disk
[MCCFR] flushed 8749 strategies to disk
[MCCFR] train(1000000/196000000) took 148393.95ms
[MCCFR] flushed 8749 regrets to disk
[MCCFR] flushed 8749 strategies to disk
[MCCFR] train(1000000/197000000) took 148600.6ms
[MCCFR] flushed 8749 regrets to disk
[MCCFR] flushed 8749 strategies to disk
[MCCFR] train(1000000/198000000) took 148545.56ms
[MCCFR] flushed 8749 regrets to disk
[MCCFR] flushed 8749 strategies to disk
[MCCFR] train(1000000/199000000) took 148787.21ms
[MCCFR] flushed 8749 regrets to disk
[MCCFR] flushed 8749 strategies to disk
[MCCFR] train(1000000/200000000) took 148913.65ms
[MCCFR] flushed 8749 regrets to disk
[MCCFR] flushed 8749 strategies to disk
[MCCFR] train(1000000/201000000) took 149491.51ms
[MCCFR] flushed 8749 regrets to disk
[MCCFR] flushed 8749 strategies to disk
[MCCFR] train(1000000/202000000) took 149845.97ms
[MCCFR] flushed 8749 regrets to disk
[MCCFR] flushed 8749 strategies to disk
[MCCFR] train(1000000/203000000) took 149851ms
[MCCFR] flushed 8749 regrets to disk
[MCCFR] flushed 8749 strategies to disk
[MCCFR] train(1000000/204000000) took 148945.94ms
[MCCFR] flushed 8749 regrets to disk
[MCCFR] flushed 8749 strategies to disk
[MCCFR] train(1000000/205000000) took 148791.01ms
[MCCFR] flushed 8749 regrets to disk
[MCCFR] flushed 8749 strategies to disk
[MCCFR] train(1000000/206000000) took 148832.58ms
[MCCFR] flushed 8749 regrets to disk
[MCCFR] flushed 8749 strategies to disk
[MCCFR] train(1000000/207000000) took 149509.1ms
[MCCFR] flushed 8749 regrets to disk
[MCCFR] flushed 8749 strategies to disk
[MCCFR] train(1000000/208000000) took 149217.02ms
[MCCFR] flushed 8749 regrets to disk
[MCCFR] flushed 8749 strategies to disk
[MCCFR] train(1000000/209000000) took 149008.19ms
[MCCFR] flushed 8749 regrets to disk
[MCCFR] flushed 8749 strategies to disk
[MCCFR] train(1000000/210000000) took 148842.45ms
[MCCFR] flushed 8749 regrets to disk
[MCCFR] flushed 8749 strategies to disk
[MCCFR] train(1000000/211000000) took 149339.62ms
[MCCFR] flushed 8749 regrets to disk
[MCCFR] flushed 8749 strategies to disk
[MCCFR] train(1000000/212000000) took 150034.19ms
[MCCFR] flushed 8749 regrets to disk
[MCCFR] flushed 8749 strategies to disk
[MCCFR] train(1000000/213000000) took 150353.42ms
[MCCFR] flushed 8749 regrets to disk
[MCCFR] flushed 8749 strategies to disk
[MCCFR] train(1000000/214000000) took 150248.32ms
[MCCFR] flushed 8749 regrets to disk
[MCCFR] flushed 8749 strategies to disk
[MCCFR] train(1000000/215000000) took 149386.4ms
[MCCFR] flushed 8749 regrets to disk
[MCCFR] flushed 8749 strategies to disk
[MCCFR] train(1000000/216000000) took 149327ms
[MCCFR] flushed 8749 regrets to disk
[MCCFR] flushed 8749 strategies to disk
[MCCFR] train(1000000/217000000) took 149497.4ms
[MCCFR] flushed 8749 regrets to disk
[MCCFR] flushed 8749 strategies to disk
[MCCFR] train(1000000/218000000) took 149372.42ms
[MCCFR] flushed 8749 regrets to disk
[MCCFR] flushed 8749 strategies to disk
[MCCFR] train(1000000/219000000) took 149555.16ms
[MCCFR] flushed 8749 regrets to disk
[MCCFR] flushed 8749 strategies to disk
[MCCFR] train(1000000/220000000) took 149651.87ms
[MCCFR] flushed 8749 regrets to disk
[MCCFR] flushed 8749 strategies to disk
[MCCFR] train(1000000/221000000) took 149787.34ms
[MCCFR] flushed 8749 regrets to disk
[MCCFR] flushed 8749 strategies to disk
[MCCFR] train(1000000/222000000) took 150538.5ms
[MCCFR] flushed 8749 regrets to disk
[MCCFR] flushed 8749 strategies to disk
[MCCFR] train(1000000/223000000) took 150965.19ms
[MCCFR] flushed 8749 regrets to disk
[MCCFR] flushed 8749 strategies to disk
[MCCFR] train(1000000/224000000) took 150530.99ms
[MCCFR] flushed 8749 regrets to disk
[MCCFR] flushed 8749 strategies to disk
[MCCFR] train(1000000/225000000) took 149809.59ms
[MCCFR] flushed 8749 regrets to disk
[MCCFR] flushed 8749 strategies to disk
[MCCFR] train(1000000/226000000) took 149931.36ms
[MCCFR] flushed 8749 regrets to disk
[MCCFR] flushed 8749 strategies to disk
[MCCFR] train(1000000/227000000) took 149879.81ms
[MCCFR] flushed 8749 regrets to disk
[MCCFR] flushed 8749 strategies to disk
[MCCFR] train(1000000/228000000) took 149970.62ms
[MCCFR] flushed 8749 regrets to disk
[MCCFR] flushed 8749 strategies to disk
[MCCFR] train(1000000/229000000) took 149847.82ms
[MCCFR] flushed 8749 regrets to disk
[MCCFR] flushed 8749 strategies to disk
[MCCFR] train(1000000/230000000) took 150171ms
[MCCFR] flushed 8749 regrets to disk
[MCCFR] flushed 8749 strategies to disk
[MCCFR] train(1000000/231000000) took 151338.25ms
[MCCFR] flushed 8749 regrets to disk
[MCCFR] flushed 8749 strategies to disk
[MCCFR] train(1000000/232000000) took 151534.46ms
[MCCFR] flushed 8749 regrets to disk
[MCCFR] flushed 8749 strategies to disk
[MCCFR] train(1000000/233000000) took 151527.91ms
[MCCFR] flushed 8749 regrets to disk
[MCCFR] flushed 8749 strategies to disk
[MCCFR] train(1000000/234000000) took 150724.07ms
[MCCFR] flushed 8749 regrets to disk
[MCCFR] flushed 8749 strategies to disk
[MCCFR] train(1000000/235000000) took 150518.55ms
[MCCFR] flushed 8749 regrets to disk
[MCCFR] flushed 8749 strategies to disk
[MCCFR] train(1000000/236000000) took 150389.76ms
[MCCFR] flushed 8749 regrets to disk
[MCCFR] flushed 8749 strategies to disk
[MCCFR] train(1000000/237000000) took 150439.35ms
[MCCFR] flushed 8749 regrets to disk
[MCCFR] flushed 8749 strategies to disk
[MCCFR] train(1000000/238000000) took 150918.83ms
[MCCFR] flushed 8749 regrets to disk
[MCCFR] flushed 8749 strategies to disk
[MCCFR] train(1000000/239000000) took 150861.41ms
[MCCFR] flushed 8749 regrets to disk
[MCCFR] flushed 8749 strategies to disk
[MCCFR] train(1000000/240000000) took 150581.75ms
[MCCFR] flushed 8749 regrets to disk
[MCCFR] flushed 8749 strategies to disk
[MCCFR] train(1000000/241000000) took 150976.43ms
[MCCFR] flushed 8749 regrets to disk
[MCCFR] flushed 8749 strategies to disk
[MCCFR] train(1000000/242000000) took 151664.91ms
[MCCFR] flushed 8749 regrets to disk
[MCCFR] flushed 8749 strategies to disk
[MCCFR] train(1000000/243000000) took 152068.52ms
[MCCFR] flushed 8749 regrets to disk
[MCCFR] flushed 8749 strategies to disk
[MCCFR] train(1000000/244000000) took 150951.66ms
[MCCFR] flushed 8749 regrets to disk
[MCCFR] flushed 8749 strategies to disk
[MCCFR] train(1000000/245000000) took 150965.57ms
[MCCFR] flushed 8749 regrets to disk
[MCCFR] flushed 8749 strategies to disk
[MCCFR] train(1000000/246000000) took 151294.54ms
[MCCFR] flushed 8749 regrets to disk
[MCCFR] flushed 8749 strategies to disk
[MCCFR] train(1000000/247000000) took 151563.84ms
[MCCFR] flushed 8749 regrets to disk
[MCCFR] flushed 8749 strategies to disk
[MCCFR] train(1000000/248000000) took 151097.95ms
[MCCFR] flushed 8749 regrets to disk
[MCCFR] flushed 8749 strategies to disk
[MCCFR] train(1000000/249000000) took 151417.36ms
[MCCFR] flushed 8749 regrets to disk
[MCCFR] flushed 8749 strategies to disk
[MCCFR] train(1000000/250000000) took 151090.82ms
[MCCFR] flushed 8749 regrets to disk
[MCCFR] flushed 8749 strategies to disk
[MCCFR] train(1000000/251000000) took 151235.22ms
[MCCFR] flushed 8749 regrets to disk
[MCCFR] flushed 8749 strategies to disk
[MCCFR] train(1000000/252000000) took 151223.32ms
[MCCFR] flushed 8749 regrets to disk
[MCCFR] flushed 8749 strategies to disk
[MCCFR] train(1000000/253000000) took 151983.32ms
[MCCFR] flushed 8749 regrets to disk
[MCCFR] flushed 8749 strategies to disk
[MCCFR] train(1000000/254000000) took 152547.3ms
[MCCFR] flushed 8749 regrets to disk
[MCCFR] flushed 8749 strategies to disk
[MCCFR] train(1000000/255000000) took 152026.19ms
[MCCFR] flushed 8749 regrets to disk
[MCCFR] flushed 8749 strategies to disk
[MCCFR] train(1000000/256000000) took 151655.4ms
[MCCFR] flushed 8749 regrets to disk
[MCCFR] flushed 8749 strategies to disk
[MCCFR] train(1000000/257000000) took 151580.79ms
[MCCFR] flushed 8749 regrets to disk
[MCCFR] flushed 8749 strategies to disk
[MCCFR] train(1000000/258000000) took 151643.35ms
[MCCFR] flushed 8749 regrets to disk
[MCCFR] flushed 8749 strategies to disk
[MCCFR] train(1000000/259000000) took 152113.33ms
[MCCFR] flushed 8749 regrets to disk
[MCCFR] flushed 8749 strategies to disk
[MCCFR] train(1000000/260000000) took 151799.36ms
[MCCFR] flushed 8749 regrets to disk
[MCCFR] flushed 8749 strategies to disk
[MCCFR] train(1000000/261000000) took 152010.32ms
[MCCFR] flushed 8749 regrets to disk
[MCCFR] flushed 8749 strategies to disk
[MCCFR] train(1000000/262000000) took 152168.89ms
[MCCFR] flushed 8749 regrets to disk
[MCCFR] flushed 8749 strategies to disk
[MCCFR] train(1000000/263000000) took 152329.19ms
[MCCFR] flushed 8749 regrets to disk
[MCCFR] flushed 8749 strategies to disk
[MCCFR] train(1000000/264000000) took 152112.1ms
[MCCFR] flushed 8749 regrets to disk
[MCCFR] flushed 8749 strategies to disk
[MCCFR] train(1000000/265000000) took 151884.25ms
[MCCFR] flushed 8749 regrets to disk
[MCCFR] flushed 8749 strategies to disk
[MCCFR] train(1000000/266000000) took 152698.51ms
[MCCFR] flushed 8749 regrets to disk
[MCCFR] flushed 8749 strategies to disk
[MCCFR] train(1000000/267000000) took 152653.43ms
[MCCFR] flushed 8749 regrets to disk
[MCCFR] flushed 8749 strategies to disk
[MCCFR] train(1000000/268000000) took 152317.44ms
[MCCFR] flushed 8749 regrets to disk
[MCCFR] flushed 8749 strategies to disk
[MCCFR] train(1000000/269000000) took 152667.13ms
[MCCFR] flushed 8749 regrets to disk
[MCCFR] flushed 8749 strategies to disk
[MCCFR] train(1000000/270000000) took 152252.31ms
[MCCFR] flushed 8749 regrets to disk
[MCCFR] flushed 8749 strategies to disk
[MCCFR] train(1000000/271000000) took 152551.86ms
[MCCFR] flushed 8749 regrets to disk
[MCCFR] flushed 8749 strategies to disk
[MCCFR] train(1000000/272000000) took 152322.64ms
[MCCFR] flushed 8749 regrets to disk
[MCCFR] flushed 8749 strategies to disk
[MCCFR] train(1000000/273000000) took 152825.48ms
[MCCFR] flushed 8749 regrets to disk
[MCCFR] flushed 8749 strategies to disk
[MCCFR] train(1000000/274000000) took 152459.94ms
[MCCFR] flushed 8749 regrets to disk
[MCCFR] flushed 8749 strategies to disk
[MCCFR] train(1000000/275000000) took 153020.19ms
[MCCFR] flushed 8749 regrets to disk
[MCCFR] flushed 8749 strategies to disk
[MCCFR] train(1000000/276000000) took 152573.57ms
[MCCFR] flushed 8749 regrets to disk
[MCCFR] flushed 8749 strategies to disk
[MCCFR] train(1000000/277000000) took 152865.91ms
[MCCFR] flushed 8749 regrets to disk
[MCCFR] flushed 8749 strategies to disk
[MCCFR] train(1000000/278000000) took 152860.21ms
[MCCFR] flushed 8749 regrets to disk
[MCCFR] flushed 8749 strategies to disk
[MCCFR] train(1000000/279000000) took 153505.76ms
[MCCFR] flushed 8749 regrets to disk
[MCCFR] flushed 8749 strategies to disk
[MCCFR] train(1000000/280000000) took 154629.37ms
